[2024-10-26 23:06:43] [Render thread/INFO] [CustomSkinLoader Core]: CustomSkinLoader 14.20
[2024-10-26 23:06:43] [Render thread/INFO] [CustomSkinLoader Core]: DataDir: D:\Downloads\我的世界x蔚蓝档案冒险整合包 1.5.5版-Developer Preview Build 15500.1001\.minecraft\CustomSkinLoader
[2024-10-26 23:06:43] [Render thread/INFO] [CustomSkinLoader Core]: Operating System: Windows 10 (amd64) version 10.0
[2024-10-26 23:06:43] [Render thread/INFO] [CustomSkinLoader Core]: Java Version: 17.0.11, Oracle Corporation
[2024-10-26 23:06:43] [Render thread/INFO] [CustomSkinLoader Core]: Java VM Version: Java HotSpot(TM) 64-Bit Server VM (mixed mode, sharing), Oracle Corporation
[2024-10-26 23:06:43] [Render thread/INFO] [CustomSkinLoader Core]: Minecraft: 1.18.2
[2024-10-26 23:06:43] [Render thread/INFO] [CustomSkinLoader Core]: Config File: D:\Downloads\我的世界x蔚蓝档案冒险整合包 1.5.5版-Developer Preview Build 15500.1001\.minecraft\CustomSkinLoader\CustomSkinLoader.json
[2024-10-26 23:06:43] [Render thread/INFO] [CustomSkinLoader Core]: Try to load config.
[2024-10-26 23:06:43] [Render thread/INFO] [CustomSkinLoader Core]: Successfully load config.
[2024-10-26 23:06:43] [Render thread/INFO] [CustomSkinLoader Core]: Add a profile loader: MojangAPI
[2024-10-26 23:06:43] [Render thread/INFO] [CustomSkinLoader Core]: Add a profile loader: Legacy
[2024-10-26 23:06:43] [Render thread/INFO] [CustomSkinLoader Core]: Add a profile loader: CustomSkinAPI
[2024-10-26 23:06:43] [Render thread/INFO] [CustomSkinLoader Core]: Add a profile loader: CustomSKinAPIPlus
[2024-10-26 23:06:43] [Render thread/INFO] [CustomSkinLoader Core]: Add a profile loader: UniSkinAPI
[2024-10-26 23:06:43] [Render thread/INFO] [CustomSkinLoader Core]: Add a profile loader: ElyByAPI
[2024-10-26 23:06:43] [Render thread/INFO] [CustomSkinLoader Core]: Add a profile loader: GlitchlessAPI
[2024-10-26 23:06:43] [Render thread/INFO] [CustomSkinLoader Core]: Add a profile loader: MinecraftCapesAPI
[2024-10-26 23:06:43] [Render thread/INFO] [CustomSkinLoader Core]: Add a profile loader: WynntilsAPI
[2024-10-26 23:06:43] [Render thread/INFO] [CustomSkinLoader Core]: Successfully update config.
[2024-10-26 23:06:43] [Render thread/INFO] [CustomSkinLoader Core]: version : 14.20
[2024-10-26 23:06:43] [Render thread/INFO] [CustomSkinLoader Core]: buildNumber : 27
[2024-10-26 23:06:43] [Render thread/INFO] [CustomSkinLoader Core]: loadlist : [{ "name": "Mojang", "type": "MojangAPI", "apiRoot": "https://api.mojang.com/", "sessionRoot": "https://sessionserver.mojang.com/" }, { "name": "LittleSkin", "type": "CustomSkinAPI", "root": "https://littleskin.cn/csl/" }, { "name": "BlessingSkin", "type": "CustomSkinAPI", "root": "https://skin.prinzeugen.net/" }, { "name": "ElyBy", "type": "ElyByAPI", "root": "http://skinsystem.ely.by/textures/" }, { "name": "SkinMe", "type": "UniSkinAPI", "root": "http://www.skinme.cc/uniskin/" }, { "name": "TLauncher", "type": "ElyByAPI", "root": "https://auth.tlauncher.org/skin/profile/texture/login/" }, { "name": "GlitchlessGames", "type": "GlitchlessAPI", "root": "https://games.glitchless.ru/api/minecraft/users/profiles/textures/?nickname=" }, { "name": "LocalSkin", "type": "Legacy", "checkPNG": "false", "skin": "LocalSkin/skins/{USERNAME}.png", "model": "auto", "cape": "LocalSkin/capes/{USERNAME}.png", "elytra": "LocalSkin/elytras/{USERNAME}.png" }, { "name": "MinecraftCapes", "type": "MinecraftCapesAPI", "root": "https://api.minecraftcapes.net/profile/" }, { "name": "OptiFine", "type": "Legacy", "checkPNG": "false", "model": "auto", "cape": "https://optifine.net/capes/{USERNAME}.png" }, { "name": "Wynntils", "type": "WynntilsAPI", "root": "https://athena.wynntils.com/user/getInfo" }, { "name": "CloakPlus", "type": "Legacy", "checkPNG": "false", "model": "auto", "cape": "http://161.35.130.99/capes/{USERNAME}.png" }, { "name": "LabyMod", "type": "Legacy", "checkPNG": "false", "model": "auto", "cape": "https://dl.labymod.net/capes/{STANDARD_UUID}" }, { "name": "Cosmetica", "type": "Legacy", "checkPNG": "false", "model": "auto", "cape": "https://api.cosmetica.cc/get/cloak?username={USERNAME}&uuid={STANDARD_UUID}&nothirdparty" }]
[2024-10-26 23:06:43] [Render thread/INFO] [CustomSkinLoader Core]: enableDynamicSkull : true
[2024-10-26 23:06:43] [Render thread/INFO] [CustomSkinLoader Core]: enableTransparentSkin : true
[2024-10-26 23:06:43] [Render thread/INFO] [CustomSkinLoader Core]: forceLoadAllTextures : true
[2024-10-26 23:06:43] [Render thread/INFO] [CustomSkinLoader Core]: enableCape : true
[2024-10-26 23:06:43] [Render thread/INFO] [CustomSkinLoader Core]: threadPoolSize : 8
[2024-10-26 23:06:43] [Render thread/INFO] [CustomSkinLoader Core]: enableLogStdOut : false
[2024-10-26 23:06:43] [Render thread/INFO] [CustomSkinLoader Core]: cacheExpiry : 30
[2024-10-26 23:06:43] [Render thread/INFO] [CustomSkinLoader Core]: forceUpdateSkull : false
[2024-10-26 23:06:43] [Render thread/INFO] [CustomSkinLoader Core]: enableLocalProfileCache : false
[2024-10-26 23:06:43] [Render thread/INFO] [CustomSkinLoader Core]: enableCacheAutoClean : false
[2024-10-26 23:06:43] [Render thread/INFO] [CustomSkinLoader Core]: forceDisableCache : false
[2024-10-26 23:06:43] [Cr_IZUMIKun/INFO] [CustomSkinLoader Core]: Loading Cr_IZUMIKun's profile.
[2024-10-26 23:06:43] [Cr_IZUMIKun/INFO] [CustomSkinLoader Core]: 1/14 Try to load profile from 'Mojang'.
[2024-10-26 23:06:43] [Cr_IZUMIKun/INFO] [CustomSkinLoader Core]: Default profile will be used.
[2024-10-26 23:06:43] [Cr_IZUMIKun/INFO] [CustomSkinLoader Core]: 2/14 Try to load profile from 'LittleSkin'.
[2024-10-26 23:06:43] [Cr_IZUMIKun/DEBUG] [CustomSkinLoader Core]: Try to request 'https://littleskin.cn/csl/Cr_IZUMIKun.json'.
[2024-10-26 23:06:43] [Cr_IZUMIKun/DEBUG] [CustomSkinLoader Core]: Successfully request (Response Code: 304 , Content Length: -1)
[2024-10-26 23:06:43] [Cr_IZUMIKun/DEBUG] [CustomSkinLoader Core]: Cache file found (Length: 184 , Path: 'D:\Downloads\我的世界x蔚蓝档案冒险整合包 1.5.5版-Developer Preview Build 15500.1001\.minecraft\CustomSkinLoader\caches\c6e0035b00536899a7988d18e17e8513b140c6de' , Expire: 0)
[2024-10-26 23:06:43] [Cr_IZUMIKun/INFO] [CustomSkinLoader Core]: Try to load from cache 'D:\Downloads\我的世界x蔚蓝档案冒险整合包 1.5.5版-Developer Preview Build 15500.1001\.minecraft\CustomSkinLoader\caches\c6e0035b00536899a7988d18e17e8513b140c6de'.
[2024-10-26 23:06:43] [Cr_IZUMIKun/DEBUG] [CustomSkinLoader Core]: Successfully load from cache
[2024-10-26 23:06:43] [Cr_IZUMIKun/DEBUG] [CustomSkinLoader Core]: Content: {"username":"Cr_IZUMIKun","skins":{"slim":"20596a9e71704336dd00ee942b47ba5790b454ca8579f1679d2e8295a65ee821"},"cape":"56c35628fe1c4d59dd52561a3d03bfa4e1a76d397c8b9c476c2f77cb6aebb1df"}
[2024-10-26 23:06:43] [Cr_IZUMIKun/INFO] [CustomSkinLoader Core]: Cr_IZUMIKun's profile loaded.
[2024-10-26 23:06:43] [Cr_IZUMIKun/INFO] [CustomSkinLoader Core]: (SkinUrl: http://textures.minecraft.net/texture/129b103f43b8de93810d73c4f7803d91af68de0bbf00f00cc60e023302330ba3 , Model: slim , CapeUrl: https://littleskin.cn/csl/textures/56c35628fe1c4d59dd52561a3d03bfa4e1a76d397c8b9c476c2f77cb6aebb1df  , Expiry: 1729955233)
[2024-10-26 23:21:40] [Cr_IZUMIKun/INFO] [CustomSkinLoader Core]: Loading Cr_IZUMIKun's profile.
[2024-10-26 23:21:40] [Cr_IZUMIKun/INFO] [CustomSkinLoader Core]: 1/14 Try to load profile from 'Mojang'.
[2024-10-26 23:21:40] [Cr_IZUMIKun/INFO] [CustomSkinLoader Core]: Default profile will be used.
[2024-10-26 23:21:40] [Cr_IZUMIKun/INFO] [CustomSkinLoader Core]: 2/14 Try to load profile from 'LittleSkin'.
[2024-10-26 23:21:40] [Cr_IZUMIKun/DEBUG] [CustomSkinLoader Core]: Try to request 'https://littleskin.cn/csl/Cr_IZUMIKun.json'.
[2024-10-26 23:21:40] [Cr_IZUMIKun/DEBUG] [CustomSkinLoader Core]: Successfully request (Response Code: 304 , Content Length: -1)
[2024-10-26 23:21:40] [Cr_IZUMIKun/DEBUG] [CustomSkinLoader Core]: Cache file found (Length: 184 , Path: 'D:\Downloads\我的世界x蔚蓝档案冒险整合包 1.5.5版-Developer Preview Build 15500.1001\.minecraft\CustomSkinLoader\caches\c6e0035b00536899a7988d18e17e8513b140c6de' , Expire: 0)
[2024-10-26 23:21:40] [Cr_IZUMIKun/INFO] [CustomSkinLoader Core]: Try to load from cache 'D:\Downloads\我的世界x蔚蓝档案冒险整合包 1.5.5版-Developer Preview Build 15500.1001\.minecraft\CustomSkinLoader\caches\c6e0035b00536899a7988d18e17e8513b140c6de'.
[2024-10-26 23:21:40] [Cr_IZUMIKun/DEBUG] [CustomSkinLoader Core]: Successfully load from cache
[2024-10-26 23:21:40] [Cr_IZUMIKun/DEBUG] [CustomSkinLoader Core]: Content: {"username":"Cr_IZUMIKun","skins":{"slim":"20596a9e71704336dd00ee942b47ba5790b454ca8579f1679d2e8295a65ee821"},"cape":"56c35628fe1c4d59dd52561a3d03bfa4e1a76d397c8b9c476c2f77cb6aebb1df"}
[2024-10-26 23:21:40] [Cr_IZUMIKun/INFO] [CustomSkinLoader Core]: Cr_IZUMIKun's profile loaded.
[2024-10-26 23:21:40] [Cr_IZUMIKun/INFO] [CustomSkinLoader Core]: (SkinUrl: http://textures.minecraft.net/texture/129b103f43b8de93810d73c4f7803d91af68de0bbf00f00cc60e023302330ba3 , Model: slim , CapeUrl: https://littleskin.cn/csl/textures/56c35628fe1c4d59dd52561a3d03bfa4e1a76d397c8b9c476c2f77cb6aebb1df  , Expiry: 1729956130)
[2024-10-26 23:21:43] [Alistor's skull/INFO] [CustomSkinLoader Core]: Loading Alistor's profile.
[2024-10-26 23:21:43] [Alistor's skull/INFO] [CustomSkinLoader Core]: 1/14 Try to load profile from 'Mojang'.
[2024-10-26 23:21:43] [Alistor's skull/INFO] [CustomSkinLoader Core]: Default profile will be used.
[2024-10-26 23:21:43] [Alistor's skull/INFO] [CustomSkinLoader Core]: 2/14 Try to load profile from 'LittleSkin'.
[2024-10-26 23:21:43] [Alistor's skull/DEBUG] [CustomSkinLoader Core]: Try to request 'https://littleskin.cn/csl/Alistor.json'.
[2024-10-26 23:21:43] [Alistor's skull/DEBUG] [CustomSkinLoader Core]: Successfully request (Response Code: 304 , Content Length: -1)
[2024-10-26 23:21:43] [Alistor's skull/DEBUG] [CustomSkinLoader Core]: Cache file found (Length: 180 , Path: 'D:\Downloads\我的世界x蔚蓝档案冒险整合包 1.5.5版-Developer Preview Build 15500.1001\.minecraft\CustomSkinLoader\caches\e4304418fca911c1eddad94da66e1d456e52c01a' , Expire: 0)
[2024-10-26 23:21:43] [Alistor's skull/INFO] [CustomSkinLoader Core]: Try to load from cache 'D:\Downloads\我的世界x蔚蓝档案冒险整合包 1.5.5版-Developer Preview Build 15500.1001\.minecraft\CustomSkinLoader\caches\e4304418fca911c1eddad94da66e1d456e52c01a'.
[2024-10-26 23:21:43] [Alistor's skull/DEBUG] [CustomSkinLoader Core]: Successfully load from cache
[2024-10-26 23:21:43] [Alistor's skull/DEBUG] [CustomSkinLoader Core]: Content: {"username":"Alistor","skins":{"slim":"b4e2b87cda380a36dd5a191215dae4177698103a44b73af4a8f52f9bf69fe5f1"},"cape":"e836bcb5796131d1d75c1f4bbae22fccefb919ca44ccff3817e07a8be31587b9"}
[2024-10-26 23:21:43] [Alistor's skull/INFO] [CustomSkinLoader Core]: Alistor's profile loaded.
[2024-10-26 23:21:43] [Alistor's skull/INFO] [CustomSkinLoader Core]: (SkinUrl: http://textures.minecraft.net/texture/1cd32236e7123cdf25dda0f05d37a6b1b79d437e9c20dd6e669e201ab8ee709e , Model: default , CapeUrl: https://littleskin.cn/csl/textures/e836bcb5796131d1d75c1f4bbae22fccefb919ca44ccff3817e07a8be31587b9  , Expiry: 1729956133)
[2024-10-26 23:24:34] [ThePearlyBum's skull/INFO] [CustomSkinLoader Core]: Loading ThePearlyBum's profile.
[2024-10-26 23:24:34] [ThePearlyBum's skull/INFO] [CustomSkinLoader Core]: 1/14 Try to load profile from 'Mojang'.
[2024-10-26 23:24:34] [ThePearlyBum's skull/INFO] [CustomSkinLoader Core]: Default profile will be used.
[2024-10-26 23:24:34] [ThePearlyBum's skull/INFO] [CustomSkinLoader Core]: 2/14 Try to load profile from 'LittleSkin'.
[2024-10-26 23:24:34] [ThePearlyBum's skull/DEBUG] [CustomSkinLoader Core]: Try to request 'https://littleskin.cn/csl/ThePearlyBum.json'.
[2024-10-26 23:24:34] [ThePearlyBum's skull/DEBUG] [CustomSkinLoader Core]: Successfully request (Response Code: 200 , Content Length: 2)
[2024-10-26 23:24:34] [ThePearlyBum's skull/DEBUG] [CustomSkinLoader Core]: Saved to cache (Length: 2 , Path: 'D:\Downloads\我的世界x蔚蓝档案冒险整合包 1.5.5版-Developer Preview Build 15500.1001\.minecraft\CustomSkinLoader\caches\c16533a8d6542e76a438738a813af0d045320d4e' , Expire: 1729956364)
[2024-10-26 23:24:34] [ThePearlyBum's skull/DEBUG] [CustomSkinLoader Core]: Content: {}
[2024-10-26 23:24:34] [ThePearlyBum's skull/INFO] [CustomSkinLoader Core]: Both skin and cape not found.
[2024-10-26 23:24:34] [ThePearlyBum's skull/INFO] [CustomSkinLoader Core]: 3/14 Try to load profile from 'BlessingSkin'.
[2024-10-26 23:24:34] [ThePearlyBum's skull/DEBUG] [CustomSkinLoader Core]: Try to request 'https://skin.prinzeugen.net/ThePearlyBum.json'.
[2024-10-26 23:24:35] [ThePearlyBum's skull/DEBUG] [CustomSkinLoader Core]: Failed to request (Response Code: 404)
[2024-10-26 23:24:35] [ThePearlyBum's skull/INFO] [CustomSkinLoader Core]: Profile not found.
[2024-10-26 23:24:35] [ThePearlyBum's skull/INFO] [CustomSkinLoader Core]: 4/14 Try to load profile from 'ElyBy'.
[2024-10-26 23:24:35] [ThePearlyBum's skull/DEBUG] [CustomSkinLoader Core]: Try to request 'http://skinsystem.ely.by/textures/ThePearlyBum'.
[2024-10-26 23:24:35] [ThePearlyBum's skull/DEBUG] [CustomSkinLoader Core]: Successfully request (Response Code: 200 , Content Length: 121)
[2024-10-26 23:24:35] [ThePearlyBum's skull/DEBUG] [CustomSkinLoader Core]: Saved to cache (Length: 121 , Path: 'D:\Downloads\我的世界x蔚蓝档案冒险整合包 1.5.5版-Developer Preview Build 15500.1001\.minecraft\CustomSkinLoader\caches\2b61642b9f8d43d5eac4d902e6b137fc22aafff3' , Expire: 1729956370)
[2024-10-26 23:24:35] [ThePearlyBum's skull/DEBUG] [CustomSkinLoader Core]: Content: {"SKIN":{"url":"http://textures.minecraft.net/texture/26f69722bfa3b80b75c148763301931fe343f8426fdf840a4fb177b91702219a"}}
[2024-10-26 23:24:35] [ThePearlyBum's skull/INFO] [CustomSkinLoader Core]: 5/14 Try to load profile from 'SkinMe'.
[2024-10-26 23:24:35] [ThePearlyBum's skull/DEBUG] [CustomSkinLoader Core]: Try to request 'http://www.skinme.cc/uniskin/ThePearlyBum.json'.
[2024-10-26 23:24:35] [ThePearlyBum's skull/DEBUG] [CustomSkinLoader Core]: Failed to request http://www.skinme.cc/uniskin/ThePearlyBum.json (Exception: java.net.UnknownHostException: www.skinme.cc)
[2024-10-26 23:24:35] [ThePearlyBum's skull/INFO] [CustomSkinLoader Core]: Profile not found.
[2024-10-26 23:24:35] [ThePearlyBum's skull/INFO] [CustomSkinLoader Core]: 6/14 Try to load profile from 'TLauncher'.
[2024-10-26 23:24:35] [ThePearlyBum's skull/DEBUG] [CustomSkinLoader Core]: Try to request 'https://auth.tlauncher.org/skin/profile/texture/login/ThePearlyBum'.
[2024-10-26 23:24:36] [ThePearlyBum's skull/DEBUG] [CustomSkinLoader Core]: Successfully request (Response Code: 200 , Content Length: -1)
[2024-10-26 23:24:36] [ThePearlyBum's skull/DEBUG] [CustomSkinLoader Core]: Saved to cache (Length: 2 , Path: 'D:\Downloads\我的世界x蔚蓝档案冒险整合包 1.5.5版-Developer Preview Build 15500.1001\.minecraft\CustomSkinLoader\caches\dfd8d51d82849ede6bf018812ef23877f96e6b0a' , Expire: 1729956371)
[2024-10-26 23:24:36] [ThePearlyBum's skull/DEBUG] [CustomSkinLoader Core]: Content: {}
[2024-10-26 23:24:36] [ThePearlyBum's skull/INFO] [CustomSkinLoader Core]: Both skin and cape not found.
[2024-10-26 23:24:36] [ThePearlyBum's skull/INFO] [CustomSkinLoader Core]: 7/14 Try to load profile from 'GlitchlessGames'.
[2024-10-26 23:24:36] [ThePearlyBum's skull/DEBUG] [CustomSkinLoader Core]: Try to request 'https://games.glitchless.ru/api/minecraft/users/profiles/textures/?nickname=ThePearlyBum'.
[2024-10-26 23:24:37] [ThePearlyBum's skull/DEBUG] [CustomSkinLoader Core]: Failed to request (Response Code: 404)
[2024-10-26 23:24:37] [ThePearlyBum's skull/INFO] [CustomSkinLoader Core]: Profile not found.
[2024-10-26 23:24:37] [ThePearlyBum's skull/INFO] [CustomSkinLoader Core]: 8/14 Try to load profile from 'LocalSkin'.
[2024-10-26 23:24:37] [ThePearlyBum's skull/INFO] [CustomSkinLoader Core]: No texture could be found.
[2024-10-26 23:24:37] [ThePearlyBum's skull/INFO] [CustomSkinLoader Core]: 9/14 Try to load profile from 'MinecraftCapes'.
[2024-10-26 23:24:37] [ThePearlyBum's skull/DEBUG] [CustomSkinLoader Core]: Try to request 'https://api.mojang.com/profiles/minecraft'.
[2024-10-26 23:24:37] [ThePearlyBum's skull/INFO] [CustomSkinLoader Core]: Payload: ["ThePearlyBum"]
[2024-10-26 23:24:38] [ThePearlyBum's skull/DEBUG] [CustomSkinLoader Core]: Successfully request (Response Code: 200 , Content Length: 78)
[2024-10-26 23:24:38] [ThePearlyBum's skull/DEBUG] [CustomSkinLoader Core]: Content: [ {
  "id" : "fa7dfd29235a4ca7a6fc2e859eb51377",
  "name" : "ThePearlyBum"
} ]
[2024-10-26 23:24:38] [ThePearlyBum's skull/DEBUG] [CustomSkinLoader Core]: Try to request 'https://api.minecraftcapes.net/profile/fa7dfd29235a4ca7a6fc2e859eb51377'.
[2024-10-26 23:24:39] [ThePearlyBum's skull/DEBUG] [CustomSkinLoader Core]: Successfully request (Response Code: 200 , Content Length: -1)
[2024-10-26 23:24:39] [ThePearlyBum's skull/DEBUG] [CustomSkinLoader Core]: Saved to cache (Length: 96 , Path: 'D:\Downloads\我的世界x蔚蓝档案冒险整合包 1.5.5版-Developer Preview Build 15500.1001\.minecraft\CustomSkinLoader\caches\c19efe6f9ce96db34a6af8008d63d1ffc8686533' , Expire: 1732634679)
[2024-10-26 23:24:39] [ThePearlyBum's skull/DEBUG] [CustomSkinLoader Core]: Content: {"animatedCape":false,"capeGlint":false,"upsideDown":false,"textures":{"cape":null,"ears":null}}
[2024-10-26 23:24:39] [ThePearlyBum's skull/INFO] [CustomSkinLoader Core]: Both skin and cape not found.
[2024-10-26 23:24:39] [ThePearlyBum's skull/INFO] [CustomSkinLoader Core]: 10/14 Try to load profile from 'OptiFine'.
[2024-10-26 23:24:39] [ThePearlyBum's skull/DEBUG] [CustomSkinLoader Core]: Try to request 'https://optifine.net/capes/ThePearlyBum.png'.
[2024-10-26 23:24:39] [ThePearlyBum's skull/DEBUG] [CustomSkinLoader Core]: Failed to request (Response Code: 404)
[2024-10-26 23:24:39] [ThePearlyBum's skull/INFO] [CustomSkinLoader Core]: No texture could be found.
[2024-10-26 23:24:39] [ThePearlyBum's skull/INFO] [CustomSkinLoader Core]: 11/14 Try to load profile from 'Wynntils'.
[2024-10-26 23:24:39] [ThePearlyBum's skull/DEBUG] [CustomSkinLoader Core]: Try to request 'https://athena.wynntils.com/user/getInfo'.
[2024-10-26 23:24:39] [ThePearlyBum's skull/INFO] [CustomSkinLoader Core]: Payload: {"uuid":"fa7dfd29-235a-4ca7-a6fc-2e859eb51377"}
[2024-10-26 23:24:42] [ThePearlyBum's skull/DEBUG] [CustomSkinLoader Core]: Failed to request (Response Code: 404)
[2024-10-26 23:24:42] [ThePearlyBum's skull/INFO] [CustomSkinLoader Core]: Profile not found.
[2024-10-26 23:24:42] [ThePearlyBum's skull/INFO] [CustomSkinLoader Core]: 12/14 Try to load profile from 'CloakPlus'.
[2024-10-26 23:24:42] [ThePearlyBum's skull/DEBUG] [CustomSkinLoader Core]: Try to request 'http://161.35.130.99/capes/ThePearlyBum.png'.
[2024-10-26 23:24:43] [ThePearlyBum's skull/DEBUG] [CustomSkinLoader Core]: Failed to request (Response Code: 404)
[2024-10-26 23:24:43] [ThePearlyBum's skull/INFO] [CustomSkinLoader Core]: No texture could be found.
[2024-10-26 23:24:43] [ThePearlyBum's skull/INFO] [CustomSkinLoader Core]: 13/14 Try to load profile from 'LabyMod'.
[2024-10-26 23:24:43] [ThePearlyBum's skull/DEBUG] [CustomSkinLoader Core]: Try to request 'https://dl.labymod.net/capes/fa7dfd29-235a-4ca7-a6fc-2e859eb51377'.
[2024-10-26 23:24:44] [ThePearlyBum's skull/DEBUG] [CustomSkinLoader Core]: Successfully request (Response Code: 200 , Content Length: 69159)
[2024-10-26 23:24:45] [ThePearlyBum's skull/DEBUG] [CustomSkinLoader Core]: Saved to cache (Length: 69159 , Path: 'D:\Downloads\我的世界x蔚蓝档案冒险整合包 1.5.5版-Developer Preview Build 15500.1001\.minecraft\CustomSkinLoader\caches\f91d0a001286310e4b9c02abd9eedf6e1a5814bb' , Expire: 1730042685)
[2024-10-26 23:24:45] [ThePearlyBum's skull/INFO] [CustomSkinLoader Core]: ThePearlyBum's profile loaded.
[2024-10-26 23:24:45] [ThePearlyBum's skull/INFO] [CustomSkinLoader Core]: (SkinUrl: http://textures.minecraft.net/texture/5d18853bc17b313561735bb8e04fa44cbd3692fe25283c55be06d3184c837e , Model: default , CapeUrl: (LEGACY)https://dl.labymod.net/capes/fa7dfd29-235a-4ca7-a6fc-2e859eb51377  , Expiry: 1729956315)
